# JRE version: OpenJDK Runtime Environment (25.0.2) (build 25.0.2+-15348964-b329.117)
# Java VM: OpenJDK 64-Bit Server VM (25.0.2+-15348964-b329.117, mixed mode, tiered, compressed oops, compressed class ptrs, g1 gc, windows-amd64)
GC Precious Log:
 CardTable entry size: 512
 Card Set container configuration: InlinePtr #cards 4 size 8 Array Of Cards #cards 16 size 48 Howl #buckets 8 coarsen threshold 3686 Howl Bitmap #cards 512 size 80 coarsen threshold 460 Card regions per heap region 1 cards per card region 4096
 CPUs: 12 total, 12 available
 Memory: 16016M
 Large Page Support: Disabled
 NUMA Support: Disabled
 Compressed Oops: Enabled (Zero based)
 Heap Region Size: 2M
 Heap Min Capacity: 8M
 Heap Initial Capacity: 252M
 Heap Max Capacity: 4006M
 Pre-touch: Disabled
 Parallel Workers: 10
 Concurrent Workers: 3
 Concurrent Refinement Workers: 10
 Periodic GC: Disabled
Heap:
 garbage-first heap   total reserved 4102144K, committed 45056K, used 27825K [0x0000000705a00000, 0x0000000800000000)
  region size 2048K, 1 young (2048K), 1 survivors (2048K)
GC Heap Usage History (15 events):
Event: 1.530 {heap Before GC invocations=0 (full 0):
 garbage-first heap   total reserved 4102144K, committed 258048K, used 43008K [0x0000000705a00000, 0x0000000800000000)
  region size 2048K, 21 young (43008K), 0 survivors (0K)
}
Event: 1.537 {heap After GC invocations=1 (full 0):
 garbage-first heap   total reserved 4102144K, committed 258048K, used 8788K [0x0000000705a00000, 0x0000000800000000)
  region size 2048K, 3 young (6144K), 3 survivors (6144K)
}
Event: 2.349 {heap Before GC invocations=2 (full 0):
 garbage-first heap   total reserved 4102144K, committed 34816K, used 33364K [0x0000000705a00000, 0x0000000800000000)
  region size 2048K, 15 young (30720K), 3 survivors (6144K)
}
Event: 2.362 {heap After GC invocations=3 (full 0):
 garbage-first heap   total reserved 4102144K, committed 45056K, used 12980K [0x0000000705a00000, 0x0000000800000000)
  region size 2048K, 5 young (10240K), 5 survivors (10240K)
}
Event: 2.515 {heap Before GC invocations=3 (full 0):
 garbage-first heap   total reserved 4102144K, committed 45056K, used 27316K [0x0000000705a00000, 0x0000000800000000)
  region size 2048K, 12 young (24576K), 5 survivors (10240K)
}
Event: 2.530 {heap After GC invocations=4 (full 0):
 garbage-first heap   total reserved 4102144K, committed 45056K, used 18690K [0x0000000705a00000, 0x0000000800000000)
  region size 2048K, 2 young (4096K), 2 survivors (4096K)
}
Event: 3.023 {heap Before GC invocations=4 (full 0):
 garbage-first heap   total reserved 4102144K, committed 45056K, used 28930K [0x0000000705a00000, 0x0000000800000000)
  region size 2048K, 8 young (16384K), 2 survivors (4096K)
}
Event: 3.033 {heap After GC invocations=5 (full 0):
 garbage-first heap   total reserved 4102144K, committed 45056K, used 21725K [0x0000000705a00000, 0x0000000800000000)
  region size 2048K, 1 young (2048K), 1 survivors (2048K)
}
Event: 3.267 {heap Before GC invocations=5 (full 0):
 garbage-first heap   total reserved 4102144K, committed 45056K, used 31965K [0x0000000705a00000, 0x0000000800000000)
  region size 2048K, 7 young (14336K), 1 survivors (2048K)
}
Event: 3.275 {heap After GC invocations=6 (full 0):
 garbage-first heap   total reserved 4102144K, committed 45056K, used 23971K [0x0000000705a00000, 0x0000000800000000)
  region size 2048K, 1 young (2048K), 1 survivors (2048K)
}
Event: 3.738 {heap Before GC invocations=7 (full 0):
 garbage-first heap   total reserved 4102144K, committed 45056K, used 34211K [0x0000000705a00000, 0x0000000800000000)
  region size 2048K, 6 young (12288K), 1 survivors (2048K)
}
Event: 3.742 {heap After GC invocations=8 (full 0):
 garbage-first heap   total reserved 4102144K, committed 45056K, used 24592K [0x0000000705a00000, 0x0000000800000000)
  region size 2048K, 1 young (2048K), 1 survivors (2048K)
}
Event: 3.984 {heap Before GC invocations=8 (full 0):
 garbage-first heap   total reserved 4102144K, committed 45056K, used 34832K [0x0000000705a00000, 0x0000000800000000)
  region size 2048K, 6 young (12288K), 1 survivors (2048K)
}
Event: 3.991 {heap After GC invocations=9 (full 0):
 garbage-first heap   total reserved 4102144K, committed 45056K, used 25978K [0x0000000705a00000, 0x0000000800000000)
  region size 2048K, 1 young (2048K), 1 survivors (2048K)
}
Event: 4.145 {heap Before GC invocations=9 (full 0):
 garbage-first heap   total reserved 4102144K, committed 45056K, used 36218K [0x0000000705a00000, 0x0000000800000000)
  region size 2048K, 6 young (12288K), 1 survivors (2048K)
}

